0 info it worked if it ends with ok
1 verbose cli [ '/usr/local/bin/node', '/usr/local/bin/npm', 'start' ]
2 info using npm@2.15.1
3 info using node@v0.10.48
4 verbose type unexpected_strict_reserved
5 verbose stack SyntaxError: Unexpected strict mode reserved word
5 verbose stack     at Module._compile (module.js:439:25)
5 verbose stack     at Object.Module._extensions..js (module.js:474:10)
5 verbose stack     at Module.load (module.js:356:32)
5 verbose stack     at Function.Module._load (module.js:312:12)
5 verbose stack     at Module.require (module.js:364:17)
5 verbose stack     at require (module.js:380:17)
5 verbose stack     at Object.<anonymous> (/usr/local/lib/node_modules/npm/node_modules/npm-registry-client/lib/access.js:5:11)
5 verbose stack     at Module._compile (module.js:456:26)
5 verbose stack     at Object.Module._extensions..js (module.js:474:10)
5 verbose stack     at Module.load (module.js:356:32)
6 verbose cwd /home/pengxie/project/reactscratch
7 error Linux 4.13.0-45-generic
8 error argv "/usr/local/bin/node" "/usr/local/bin/npm" "start"
9 error node v0.10.48
10 error npm  v2.15.1
11 error Unexpected strict mode reserved word
12 error If you need help, you may report this error at:
12 error     <https://github.com/npm/npm/issues>
13 verbose exit [ 1, true ]
